<?xml version="1.0" encoding="UTF-8"?>
<testsuite xmlns:xsi="http://www.w3.org/2001/XMLSchema-instance" xsi:noNamespaceSchemaLocation="https://maven.apache.org/surefire/maven-surefire-plugin/xsd/surefire-test-report.xsd" version="3.0.2" name="com.example.flexiMed.controllers.NotificationControllerTest" time="2.253" tests="2" errors="0" skipped="0" failures="0">
  <properties>
[...]
</properties>
  <testcase name="testSendAmbulanceDispatchedNotification" classname="com.example.flexiMed.controllers.NotificationControllerTest" time="1.136">
    <system-out><![CDATA[11:40:32.837 [main] INFO com.example.flexiMed.controller.NotificationController -- INSIDE sendAmbulanceDispatchedNotificationWithDelay! for user: 1557aa0f-0593-47b8-a751-bd230d85837c
11:40:32.847 [main] INFO com.example.flexiMed.controller.NotificationController -- Delaying notification for 1000 milliseconds...
11:40:33.851 [main] INFO com.example.flexiMed.controller.NotificationController -- Sending delayed notification to user: 1557aa0f-0593-47b8-a751-bd230d85837c on /queue/ambulance-locations
11:40:33.862 [main] INFO com.example.flexiMed.controller.NotificationController -- Delayed notification sent successfully to user: 1557aa0f-0593-47b8-a751-bd230d85837c
]]></system-out>
  </testcase>
  <testcase name="testSendAmbulanceDispatchedNotificationWithDelay" classname="com.example.flexiMed.controllers.NotificationControllerTest" time="1.114">
    <system-out><![CDATA[11:40:33.868 [main] INFO com.example.flexiMed.controller.NotificationController -- INSIDE sendAmbulanceDispatchedNotificationWithDelay! for user: 3fbfeaf3-c74f-41b2-9031-cc6af427aff8
11:40:33.869 [main] INFO com.example.flexiMed.controller.NotificationController -- Delaying notification for 500 milliseconds...
11:40:34.371 [main] INFO com.example.flexiMed.controller.NotificationController -- Sending delayed notification to user: 3fbfeaf3-c74f-41b2-9031-cc6af427aff8 on /queue/ambulance-locations
11:40:34.373 [main] INFO com.example.flexiMed.controller.NotificationController -- Delayed notification sent successfully to user: 3fbfeaf3-c74f-41b2-9031-cc6af427aff8
]]></system-out>
  </testcase>
</testsuite>